  Using 'git status' to determine working set for adaptive non-unity build (C:\Users\otter\Desktop\Unreal_Projects\PizzaRace).
  Parsing headers for PizzaRaceEditor
    Running UnrealHeaderTool "C:\Users\otter\Desktop\Unreal_Projects\PizzaRace\PizzaRace\PizzaRace.uproject" "C:\Users\otter\Desktop\Unreal_Projects\PizzaRace\PizzaRace\Intermediate\Build\Win64\PizzaRaceEditor\Development\PizzaRaceEditor.uhtmanifest" -LogCmds="loginit warning, logexit warning, logdatabase error" -Unattended -WarningsAsErrors -abslog="C:\Users\otter\AppData\Local\UnrealBuildTool\Log_UHT.txt" -installed
  LogInit: Display: Loading text-based GConfig....
  Reflection code generated for PizzaRaceEditor in 3.4248715 seconds
  Building PizzaRaceEditor...
  Using Visual Studio 2019 14.29.30136 toolchain (C:\Program Files (x86)\Microsoft Visual Studio\2019\Community\VC\Tools\MSVC\14.29.30133) and Windows 10.0.19041.0 SDK (C:\Program Files (x86)\Windows Kits\10).
  Building 8 actions with 12 processes...
    [1/8] PizzaRace.init.gen.cpp
    [2/8] PizzaRaceGameModeBase.cpp
    [3/8] PizzaRaceGameModeBase.gen.cpp
    [4/8] GameHUD.cpp
    [5/8] GameHUD.gen.cpp
    [6/8] UE4Editor-PizzaRace-0003.lib
       Creating library C:\Users\otter\Desktop\Unreal_Projects\PizzaRace\PizzaRace\Intermediate\Build\Win64\UE4Editor\Development\PizzaRace\UE4Editor-PizzaRace-0003.lib and object C:\Users\otter\Desktop\Unreal_Projects\PizzaRace\PizzaRace\Intermediate\Build\Win64\UE4Editor\Development\PizzaRace\UE4Editor-PizzaRace-0003.exp
    [7/8] UE4Editor-PizzaRace-0003.dll
       Creating library C:\Users\otter\Desktop\Unreal_Projects\PizzaRace\PizzaRace\Intermediate\Build\Win64\UE4Editor\Development\PizzaRace\UE4Editor-PizzaRace-0003.suppressed.lib and object C:\Users\otter\Desktop\Unreal_Projects\PizzaRace\PizzaRace\Intermediate\Build\Win64\UE4Editor\Development\PizzaRace\UE4Editor-PizzaRace-0003.suppressed.exp
    [8/8] PizzaRaceEditor.target
  Total time in Parallel executor: 20.95 seconds
  Total execution time: 25.04 seconds
